Base path: E:/Program Files/Unity/Editor/Data
Pipe name: \\.\pipe\UnityShaderCompiler-64bit-1-5788
Cmd: getPlatforms
Cmd: preprocess
  insize=4252 outsize=1007 ok=1
Cmd: compileSnippet
  api=4 type=0 insize=3439 outsize=664 kw= ok=1
Cmd: compileSnippet
  api=4 type=1 insize=3439 outsize=835 kw= ok=1
Cmd: compileSnippet
  api=4 type=0 insize=3440 outsize=664 kw= ok=1
Cmd: compileSnippet
  api=4 type=1 insize=3440 outsize=754 kw= ok=1
Cmd: compileSnippet
  api=4 type=0 insize=3475 outsize=664 kw= ok=1
Cmd: compileSnippet
  api=4 type=1 insize=3475 outsize=2330 kw= ok=1
Cmd: compileSnippet
  api=4 type=0 insize=3436 outsize=664 kw= ok=1
Cmd: compileSnippet
  api=4 type=1 insize=3436 outsize=1054 kw= ok=1
Cmd: compileSnippet
  api=4 type=0 insize=3436 outsize=664 kw= ok=1
Cmd: compileSnippet
  api=4 type=1 insize=3436 outsize=859 kw= ok=1
Cmd: preprocess
  insize=808 outsize=392 ok=1
Cmd: compileSnippet
  error: 2 plat 4 at (41): undeclared identifier 'UnityObjectToClipPos'\nCompiling Vertex program
  api=4 type=0 insize=714 outsize=0 kw= ok=0
Cmd: preprocess
  insize=3183 outsize=384 ok=1
Cmd: compileSnippet
  error: 2 plat 4 at Common.cginc(47): undeclared identifier 'UnityObjectToClipPos'\nCompiling Vertex program
  api=4 type=0 insize=3050 outsize=0 kw= ok=0
Cmd: preprocess
  insize=3064 outsize=475 ok=1
Cmd: compileSnippet
  api=4 type=0 insize=2842 outsize=1014 kw= ok=1
Cmd: compileSnippet
  api=4 type=1 insize=2842 outsize=3013 kw= ok=1
Cmd: compileSnippet
  api=4 type=0 insize=2844 outsize=1014 kw= ok=1
Cmd: compileSnippet
  api=4 type=1 insize=2844 outsize=2769 kw= ok=1
Cmd: preprocess
  insize=2029 outsize=266 ok=1
Cmd: compileSnippet
  error: 2 plat 4 at (60): undeclared identifier 'UnityObjectToClipPos'\nCompiling Vertex program
  api=4 type=0 insize=2060 outsize=0 kw= ok=0
Cmd: preprocess
  insize=1602 outsize=525 ok=1
Cmd: compileSnippet
  error: 2 plat 4 at (29): undeclared identifier 'UnityObjectToClipPos'\nCompiling Vertex program
  api=4 type=0 insize=1380 outsize=0 kw= ok=0
Cmd: preprocess
  insize=2627 outsize=327 ok=1
Cmd: compileSnippet
  error: 2 plat 4 at Common.cginc(47): undeclared identifier 'UnityObjectToClipPos'\nCompiling Vertex program
  api=4 type=0 insize=2605 outsize=0 kw= ok=0
Cmd: preprocess
  insize=2691 outsize=455 ok=1
Cmd: compileSnippet
  error: 2 plat 4 at Common.cginc(47): undeclared identifier 'UnityObjectToClipPos'\nCompiling Vertex program
  api=4 type=0 insize=2487 outsize=0 kw= ok=0
Cmd: preprocess
  insize=440 outsize=437 ok=1
Cmd: preprocess
  insize=1003 outsize=528 ok=1
Cmd: compileSnippet
  error: 2 plat 4 at (47): undeclared identifier 'UnityObjectToClipPos'\nCompiling Vertex program
  api=4 type=0 insize=774 outsize=0 kw= ok=0
Cmd: preprocess
  insize=1290 outsize=412 ok=1
Cmd: compileSnippet
  error: 2 plat 4 at (45): undeclared identifier 'UnityObjectToViewPos'\nCompiling Vertex program
  api=4 type=0 insize=1179 outsize=0 kw= ok=0
Cmd: preprocess
  insize=22803 outsize=3926 ok=1
Cmd: compileSnippet
  error: 2 plat 4 at (90): undeclared identifier 'unity_ObjectToWorld'\nCompiling Vertex program with DIRECTIONAL SHADOWS_OFF LIGHTMAP_OFF DIRLIGHTMAP_OFF DYNAMICLIGHTMAP_OFF
  api=4 type=0 insize=10023 outsize=0 kw=DIRECTIONAL SHADOWS_OFF LIGHTMAP_OFF DIRLIGHTMAP_OFF DYNAMICLIGHTMAP_OFF ok=0
Cmd: preprocess
  insize=3736 outsize=437 ok=1
Cmd: compileSnippet
  api=4 type=0 insize=3554 outsize=1006 kw= ok=1
Cmd: compileSnippet
  api=4 type=1 insize=3554 outsize=6539 kw= ok=1
Cmd: compileSnippet
  api=4 type=0 insize=3557 outsize=1006 kw= ok=1
Cmd: compileSnippet
  api=4 type=1 insize=3557 outsize=6539 kw= ok=1
Cmd: preprocess
  insize=5962 outsize=1969 ok=1
Cmd: compileSnippet
  error: 2 plat 4 at Common.cginc(47): undeclared identifier 'UnityObjectToClipPos'\nCompiling Vertex program
  api=4 type=0 insize=4109 outsize=0 kw= ok=0
Cmd: preprocess
  insize=2264 outsize=330 ok=1
Cmd: compileSnippet
  api=4 type=0 insize=2239 outsize=1014 kw= ok=1
Cmd: compileSnippet
  api=4 type=1 insize=2239 outsize=3224 kw= ok=1
Cmd: preprocess
  insize=542 outsize=1523 ok=1
Cmd: compileSnippet
  api=4 type=0 insize=6992 outsize=3809 kw=DIRECTIONAL SHADOWS_OFF LIGHTMAP_OFF DIRLIGHTMAP_OFF DYNAMICLIGHTMAP_OFF ok=1
Cmd: compileSnippet
  api=4 type=1 insize=6992 outsize=1388 kw=DIRECTIONAL SHADOWS_OFF LIGHTMAP_OFF DIRLIGHTMAP_OFF DYNAMICLIGHTMAP_OFF ok=1
Cmd: compileSnippet
  api=4 type=0 insize=3804 outsize=2899 kw=POINT ok=1
Cmd: compileSnippet
  api=4 type=1 insize=3804 outsize=2021 kw=POINT ok=1
Cmd: compileSnippet
  api=4 type=0 insize=2888 outsize=2533 kw= ok=1
Cmd: compileSnippet
  api=4 type=1 insize=2888 outsize=697 kw= ok=1
Cmd: compileSnippet
  api=4 type=0 insize=6152 outsize=4223 kw=LIGHTMAP_OFF DIRLIGHTMAP_OFF DYNAMICLIGHTMAP_OFF HDR_LIGHT_PREPASS_OFF ok=1
Cmd: compileSnippet
  api=4 type=1 insize=6152 outsize=1404 kw=LIGHTMAP_OFF DIRLIGHTMAP_OFF DYNAMICLIGHTMAP_OFF HDR_LIGHT_PREPASS_OFF ok=1
Cmd: compileSnippet
  api=4 type=0 insize=6085 outsize=3947 kw=LIGHTMAP_OFF DIRLIGHTMAP_OFF DYNAMICLIGHTMAP_OFF HDR_LIGHT_PREPASS_OFF ok=1
Cmd: compileSnippet
  api=4 type=1 insize=6085 outsize=1688 kw=LIGHTMAP_OFF DIRLIGHTMAP_OFF DYNAMICLIGHTMAP_OFF HDR_LIGHT_PREPASS_OFF ok=1
Cmd: compileSnippet
  api=4 type=0 insize=3153 outsize=2631 kw= ok=1
Cmd: compileSnippet
  api=4 type=1 insize=3153 outsize=1388 kw= ok=1
Cmd: preprocess
  insize=32239 outsize=1828 ok=1
Cmd: compileSnippet
  error: 2 plat 4 at Common.cginc(47): undeclared identifier 'UnityObjectToClipPos'\nCompiling Vertex program
  api=4 type=0 insize=29921 outsize=0 kw= ok=0
Cmd: preprocess
  insize=430 outsize=427 ok=1
Cmd: preprocess
  insize=2724 outsize=1656 ok=1
Cmd: compileSnippet
  error: 2 plat 4 at Common.cginc(47): undeclared identifier 'UnityObjectToClipPos'\nCompiling Vertex program
  api=4 type=0 insize=449 outsize=0 kw= ok=0
Cmd: preprocess
  insize=755 outsize=309 ok=1
Cmd: compileSnippet
  error: 2 plat 4 at (19): undeclared identifier 'UnityObjectToClipPos'\nCompiling Vertex program
  api=4 type=0 insize=747 outsize=0 kw= ok=0
Cmd: preprocess
  insize=7323 outsize=999 ok=1
Cmd: compileSnippet
  error: 2 plat 4 at Common.cginc(47): undeclared identifier 'UnityObjectToClipPos'\nCompiling Vertex program
  api=4 type=0 insize=6308 outsize=0 kw= ok=0
Cmd: preprocess
  insize=1123 outsize=1648 ok=1
Cmd: compileSnippet
  api=4 type=0 insize=7986 outsize=4150 kw=DIRECTIONAL SHADOWS_OFF LIGHTMAP_OFF DIRLIGHTMAP_OFF DYNAMICLIGHTMAP_OFF ok=1
Cmd: compileSnippet
  api=4 type=1 insize=7986 outsize=2436 kw=DIRECTIONAL SHADOWS_OFF LIGHTMAP_OFF DIRLIGHTMAP_OFF DYNAMICLIGHTMAP_OFF ok=1
Cmd: compileSnippet
  api=4 type=0 insize=4734 outsize=3240 kw=POINT ok=1
Cmd: compileSnippet
  api=4 type=1 insize=4734 outsize=3069 kw=POINT ok=1
Cmd: compileSnippet
  api=4 type=0 insize=3346 outsize=2533 kw= ok=1
Cmd: compileSnippet
  error: 1 plat 4 at (41): floating point division by zero\nCompiling Fragment program
  api=4 type=1 insize=3346 outsize=697 kw= ok=1
Cmd: compileSnippet
  api=4 type=0 insize=7083 outsize=4564 kw=LIGHTMAP_OFF DIRLIGHTMAP_OFF DYNAMICLIGHTMAP_OFF HDR_LIGHT_PREPASS_OFF ok=1
Cmd: compileSnippet
  api=4 type=1 insize=7083 outsize=2452 kw=LIGHTMAP_OFF DIRLIGHTMAP_OFF DYNAMICLIGHTMAP_OFF HDR_LIGHT_PREPASS_OFF ok=1
Cmd: compileSnippet
  api=4 type=0 insize=7015 outsize=4288 kw=LIGHTMAP_OFF DIRLIGHTMAP_OFF DYNAMICLIGHTMAP_OFF HDR_LIGHT_PREPASS_OFF ok=1
Cmd: compileSnippet
  api=4 type=1 insize=7015 outsize=2736 kw=LIGHTMAP_OFF DIRLIGHTMAP_OFF DYNAMICLIGHTMAP_OFF HDR_LIGHT_PREPASS_OFF ok=1
Cmd: compileSnippet
  api=4 type=0 insize=4083 outsize=2972 kw= ok=1
Cmd: compileSnippet
  api=4 type=1 insize=4083 outsize=2436 kw= ok=1
Cmd: preprocess
  insize=1052 outsize=366 ok=1
Cmd: compileSnippet
  error: 2 plat 4 at (40): undeclared identifier 'unity_ObjectToWorld'\nCompiling Vertex program
  api=4 type=0 insize=985 outsize=0 kw= ok=0
Cmd: preprocess
  insize=983 outsize=331 ok=1
Cmd: compileSnippet
  error: 2 plat 4 at Common.cginc(47): undeclared identifier 'UnityObjectToClipPos'\nCompiling Vertex program
  api=4 type=0 insize=957 outsize=0 kw= ok=0
Cmd: preprocess
  error: 1 plat 16 at (190): #pragma target with unknown target: #pragma target 4.5
  error: 1 plat 16 at (200): #pragma target with unknown target: #pragma target 4.5
  error: 1 plat 16 at (210): #pragma target with unknown target: #pragma target 4.5
  insize=6814 outsize=593 ok=1
Cmd: compileSnippet
  error: 2 plat 4 at Common.cginc(47): undeclared identifier 'UnityObjectToClipPos'\nCompiling Vertex program
  api=4 type=0 insize=6426 outsize=0 kw= ok=0
Cmd: preprocess
  insize=879 outsize=451 ok=1
Cmd: compileSnippet
  error: 2 plat 4 at (39): undeclared identifier 'UnityObjectToClipPos'\nCompiling Vertex program
  api=4 type=0 insize=727 outsize=0 kw= ok=0
Cmd: preprocess
  insize=1933 outsize=332 ok=1
Cmd: compileSnippet
  api=4 type=0 insize=1906 outsize=1014 kw= ok=1
Cmd: compileSnippet
  api=4 type=1 insize=1906 outsize=2216 kw= ok=1
Cmd: preprocess
  insize=11666 outsize=712 ok=1
Cmd: compileSnippet
  error: 2 plat 4 at Common.cginc(47): undeclared identifier 'UnityObjectToClipPos'\nCompiling Vertex program
  api=4 type=0 insize=11265 outsize=0 kw= ok=0
Cmd: preprocess
  insize=2501 outsize=521 ok=1
Cmd: compileSnippet
  error: 2 plat 4 at (48): undeclared identifier 'UnityObjectToClipPos'\nCompiling Vertex program
  api=4 type=0 insize=2282 outsize=0 kw= ok=0
Cmd: preprocess
  insize=4286 outsize=654 ok=1
Cmd: compileSnippet
  api=4 type=0 insize=3848 outsize=1014 kw= ok=1
Cmd: compileSnippet
  api=4 type=1 insize=3848 outsize=2363 kw= ok=1
Cmd: compileSnippet
  api=4 type=0 insize=3844 outsize=1014 kw= ok=1
Cmd: compileSnippet
  api=4 type=1 insize=3844 outsize=2517 kw= ok=1
Cmd: compileSnippet
  api=4 type=0 insize=3846 outsize=1014 kw= ok=1
Cmd: compileSnippet
  api=4 type=1 insize=3846 outsize=2850 kw= ok=1
Cmd: preprocess
  insize=2378 outsize=339 ok=1
Cmd: compileSnippet
  error: 2 plat 4 at (23): undeclared identifier 'UnityObjectToClipPos'\nCompiling Vertex program
  api=4 type=0 insize=2341 outsize=0 kw= ok=0
Cmd: preprocess
  insize=605 outsize=279 ok=1
Cmd: compileSnippet
  api=4 type=0 insize=628 outsize=461 kw= ok=1
Cmd: compileSnippet
  api=4 type=1 insize=628 outsize=453 kw= ok=1
Cmd: preprocess
  insize=5627 outsize=3182 ok=1
Cmd: compileSnippet
  error: 2 plat 4 at Common.cginc(47): undeclared identifier 'UnityObjectToClipPos'\nCompiling Vertex program
  api=4 type=0 insize=481 outsize=0 kw= ok=0
Cmd: preprocess
  insize=1715 outsize=431 ok=1
Cmd: compileSnippet
  api=4 type=0 insize=1546 outsize=1006 kw= ok=1
Cmd: compileSnippet
  api=4 type=1 insize=1546 outsize=1761 kw= ok=1
Cmd: compileSnippet
  api=4 type=0 insize=1546 outsize=1006 kw= ok=1
Cmd: compileSnippet
  api=4 type=1 insize=1546 outsize=1461 kw= ok=1
Cmd: preprocess
  insize=853 outsize=495 ok=1
Cmd: compileSnippet
  error: 2 plat 4 at (44): undeclared identifier 'UnityObjectToClipPos'\nCompiling Vertex program
  api=4 type=0 insize=657 outsize=0 kw= ok=0
Cmd: preprocess
  insize=1073 outsize=506 ok=1
Cmd: compileSnippet
  error: 2 plat 4 at (48): undeclared identifier 'UnityObjectToClipPos'\nCompiling Vertex program
  api=4 type=0 insize=866 outsize=0 kw= ok=0
Cmd: preprocess
  insize=1545 outsize=462 ok=1
Cmd: compileSnippet
  error: 2 plat 4 at (52): undeclared identifier 'UnityObjectToViewPos'\nCompiling Vertex program
  api=4 type=0 insize=1382 outsize=0 kw= ok=0
Cmd: preprocess
  insize=5198 outsize=3843 ok=1
Cmd: compileSnippet
  error: 2 plat 4 at (52): undeclared identifier 'UnityObjectToClipPos'\nCompiling Vertex program with DIRECTIONAL SHADOWS_OFF LIGHTMAP_OFF DIRLIGHTMAP_OFF DYNAMICLIGHTMAP_OFF
  api=4 type=0 insize=1691 outsize=0 kw=DIRECTIONAL SHADOWS_OFF LIGHTMAP_OFF DIRLIGHTMAP_OFF DYNAMICLIGHTMAP_OFF ok=0
Cmd: preprocess
  insize=3437 outsize=276 ok=1
Cmd: compileSnippet
  error: 2 plat 4 at Common.cginc(47): undeclared identifier 'UnityObjectToClipPos'\nCompiling Vertex program
  api=4 type=0 insize=3471 outsize=0 kw= ok=0
Cmd: preprocess
  insize=952 outsize=414 ok=1
Cmd: compileSnippet
  error: 2 plat 4 at (43): undeclared identifier 'UnityObjectToViewPos'\nCompiling Vertex program
  api=4 type=0 insize=840 outsize=0 kw= ok=0
Cmd: preprocess
  insize=3433 outsize=1815 ok=1
Cmd: compileSnippet
  error: 2 plat 4 at Common.cginc(47): undeclared identifier 'UnityObjectToClipPos'\nCompiling Vertex program with FOG_OFF
  api=4 type=0 insize=554 outsize=0 kw=FOG_OFF ok=0
Cmd: preprocess
  insize=1978 outsize=1146 ok=1
Cmd: compileSnippet
  error: 2 plat 4 at Common.cginc(47): undeclared identifier 'UnityObjectToClipPos'\nCompiling Vertex program
  api=4 type=0 insize=420 outsize=0 kw= ok=0
Cmd: preprocess
  insize=1614 outsize=449 ok=1
Cmd: compileSnippet
  error: 2 plat 4 at (56): undeclared identifier 'UnityObjectToViewPos'\nCompiling Vertex program
  api=4 type=0 insize=1463 outsize=0 kw= ok=0
Cmd: compileSnippet
  api=4 type=0 insize=751 outsize=3533 kw=SHADOWS_DEPTH ok=1
Cmd: compileSnippet
  api=4 type=1 insize=751 outsize=380 kw=SHADOWS_DEPTH ok=1
Cmd: compileSnippet
  api=4 type=0 insize=982 outsize=3979 kw=DIRECTIONAL SHADOWS_OFF LIGHTMAP_OFF DIRLIGHTMAP_OFF DYNAMICLIGHTMAP_OFF ok=1
Cmd: compileSnippet
  api=4 type=1 insize=982 outsize=10561 kw=DIRECTIONAL SHADOWS_OFF LIGHTMAP_OFF DIRLIGHTMAP_OFF DYNAMICLIGHTMAP_OFF ok=1
Cmd: compileSnippet
  api=4 type=0 insize=938 outsize=4036 kw=DIRECTIONAL SHADOWS_OFF ok=1
Cmd: compileSnippet
  api=4 type=1 insize=938 outsize=5515 kw=DIRECTIONAL SHADOWS_OFF ok=1
Cmd: compileSnippet
  api=4 type=0 insize=751 outsize=3533 kw=SHADOWS_DEPTH ok=1
Cmd: compileSnippet
  api=4 type=1 insize=751 outsize=380 kw=SHADOWS_DEPTH ok=1
Cmd: compileSnippet
  api=4 type=0 insize=977 outsize=3979 kw=DIRECTIONAL SHADOWS_OFF LIGHTMAP_OFF DIRLIGHTMAP_OFF DYNAMICLIGHTMAP_OFF ok=1
Cmd: compileSnippet
  api=4 type=1 insize=977 outsize=10504 kw=DIRECTIONAL SHADOWS_OFF LIGHTMAP_OFF DIRLIGHTMAP_OFF DYNAMICLIGHTMAP_OFF ok=1
Cmd: compileSnippet
  api=4 type=0 insize=934 outsize=4036 kw=DIRECTIONAL SHADOWS_OFF ok=1
Cmd: compileSnippet
  api=4 type=1 insize=934 outsize=5401 kw=DIRECTIONAL SHADOWS_OFF ok=1
Cmd: compileSnippet
  api=4 type=0 insize=959 outsize=1087 kw= ok=1
Cmd: compileSnippet
  api=4 type=1 insize=959 outsize=616 kw= ok=1
Cmd: compileSnippet
  api=4 type=0 insize=990 outsize=1087 kw= ok=1
Cmd: compileSnippet
  api=4 type=1 insize=990 outsize=713 kw= ok=1
Cmd: compileSnippet
  api=4 type=0 insize=1705 outsize=1290 kw=SOFTPARTICLES_OFF ok=1
Cmd: compileSnippet
  api=4 type=1 insize=1705 outsize=924 kw=SOFTPARTICLES_OFF ok=1
Cmd: compileSnippet
  api=4 type=0 insize=1642 outsize=1290 kw=SOFTPARTICLES_OFF ok=1
Cmd: compileSnippet
  api=4 type=1 insize=1642 outsize=924 kw=SOFTPARTICLES_OFF ok=1
Cmd: compileSnippet
  api=4 type=0 insize=541 outsize=3533 kw=SHADOWS_DEPTH ok=1
Cmd: compileSnippet
  api=4 type=1 insize=541 outsize=453 kw=SHADOWS_DEPTH ok=1
Cmd: compileSnippet
  api=4 type=0 insize=6810 outsize=3663 kw=DIRECTIONAL SHADOWS_OFF LIGHTMAP_OFF DIRLIGHTMAP_OFF DYNAMICLIGHTMAP_OFF ok=1
Cmd: compileSnippet
  api=4 type=1 insize=6810 outsize=1314 kw=DIRECTIONAL SHADOWS_OFF LIGHTMAP_OFF DIRLIGHTMAP_OFF DYNAMICLIGHTMAP_OFF ok=1
Cmd: compileSnippet
  api=4 type=0 insize=3647 outsize=2753 kw=DIRECTIONAL ok=1
Cmd: compileSnippet
  api=4 type=1 insize=3647 outsize=1168 kw=DIRECTIONAL ok=1
Cmd: compileSnippet
  api=4 type=0 insize=982 outsize=3979 kw=DIRECTIONAL SHADOWS_OFF LIGHTMAP_OFF DIRLIGHTMAP_OFF DYNAMICLIGHTMAP_OFF _EMISSION ok=1
Cmd: compileSnippet
  api=4 type=1 insize=982 outsize=10772 kw=DIRECTIONAL SHADOWS_OFF LIGHTMAP_OFF DIRLIGHTMAP_OFF DYNAMICLIGHTMAP_OFF _EMISSION ok=1
Cmd: compileSnippet
  api=4 type=0 insize=982 outsize=3979 kw=DIRECTIONAL SHADOWS_OFF LIGHTMAP_OFF DIRLIGHTMAP_OFF DYNAMICLIGHTMAP_OFF _EMISSION _DETAIL_MULX2 ok=1
Cmd: compileSnippet
  api=4 type=1 insize=982 outsize=11284 kw=DIRECTIONAL SHADOWS_OFF LIGHTMAP_OFF DIRLIGHTMAP_OFF DYNAMICLIGHTMAP_OFF _EMISSION _DETAIL_MULX2 ok=1
Cmd: compileSnippet
  api=4 type=0 insize=938 outsize=4036 kw=DIRECTIONAL SHADOWS_OFF _DETAIL_MULX2 ok=1
Cmd: compileSnippet
  api=4 type=1 insize=938 outsize=6027 kw=DIRECTIONAL SHADOWS_OFF _DETAIL_MULX2 ok=1
Cmd: compileSnippet
  api=4 type=0 insize=1333 outsize=1404 kw= ok=1
Cmd: compileSnippet
  api=4 type=1 insize=1333 outsize=1168 kw= ok=1
Cmd: compileSnippet
  api=4 type=0 insize=1329 outsize=1404 kw= ok=1
Cmd: compileSnippet
  api=4 type=1 insize=1329 outsize=1168 kw= ok=1
Cmd: compileSnippet
  api=4 type=0 insize=1329 outsize=1404 kw= ok=1
Cmd: compileSnippet
  api=4 type=1 insize=1329 outsize=1168 kw= ok=1
Cmd: compileSnippet
  api=4 type=0 insize=1333 outsize=1404 kw= ok=1
Cmd: compileSnippet
  api=4 type=1 insize=1333 outsize=1168 kw= ok=1
Cmd: compileSnippet
  api=4 type=0 insize=1321 outsize=1404 kw= ok=1
Cmd: compileSnippet
  api=4 type=1 insize=1321 outsize=1168 kw= ok=1
Cmd: compileSnippet
  api=4 type=0 insize=1331 outsize=1404 kw= ok=1
Cmd: compileSnippet
  api=4 type=1 insize=1331 outsize=1168 kw= ok=1
Cmd: compileCompute
  error: 2 plat 16 at (24): failed to open source file: 'UnityCG.cginc'
  api=4 insize=1431 outsize=61 ok=0
Cmd: compileCompute
  error: 2 plat 16 at (24): failed to open source file: 'UnityCG.cginc'
  api=4 insize=1431 outsize=61 ok=0
Cmd: compileCompute
  error: 2 plat 16 at (24): failed to open source file: 'UnityCG.cginc'
  api=15 insize=1431 outsize=61 ok=0
Cmd: compileCompute
  error: 2 plat 16 at (24): failed to open source file: 'UnityCG.cginc'
  api=9 insize=1431 outsize=61 ok=0
Cmd: compileCompute
  error: 2 plat 16 at (24): failed to open source file: 'UnityCG.cginc'
  api=4 insize=1431 outsize=61 ok=0
Cmd: compileCompute
  error: 2 plat 16 at (24): failed to open source file: 'UnityCG.cginc'
  api=4 insize=3267 outsize=85 ok=0
Cmd: compileCompute
  error: 2 plat 16 at (24): failed to open source file: 'UnityCG.cginc'
  api=4 insize=3267 outsize=85 ok=0
Cmd: compileCompute
  error: 2 plat 16 at (24): failed to open source file: 'UnityCG.cginc'
  api=15 insize=3267 outsize=85 ok=0
Cmd: compileCompute
  error: 2 plat 16 at (24): failed to open source file: 'UnityCG.cginc'
  api=9 insize=3267 outsize=85 ok=0
Cmd: compileCompute
  error: 2 plat 16 at (24): failed to open source file: 'UnityCG.cginc'
  api=4 insize=3267 outsize=85 ok=0
Cmd: compileCompute
  error: 2 plat 16 at (24): failed to open source file: 'UnityCG.cginc'
  api=4 insize=1522 outsize=57 ok=0
Cmd: compileCompute
  error: 2 plat 16 at (24): failed to open source file: 'UnityCG.cginc'
  api=4 insize=1522 outsize=57 ok=0
Cmd: compileCompute
  error: 2 plat 16 at (24): failed to open source file: 'UnityCG.cginc'
  api=15 insize=1522 outsize=57 ok=0
Cmd: compileCompute
  error: 2 plat 16 at (24): failed to open source file: 'UnityCG.cginc'
  api=9 insize=1522 outsize=57 ok=0
Cmd: compileCompute
  error: 2 plat 16 at (24): failed to open source file: 'UnityCG.cginc'
  api=4 insize=1522 outsize=57 ok=0
Cmd: compileCompute
  error: 2 plat 16 at (24): failed to open source file: 'UnityCG.cginc'
  api=4 insize=2341 outsize=37 ok=0
Cmd: compileCompute
  error: 2 plat 16 at (24): failed to open source file: 'UnityCG.cginc'
  api=4 insize=2341 outsize=37 ok=0
Cmd: compileCompute
  error: 2 plat 16 at (24): failed to open source file: 'UnityCG.cginc'
  api=15 insize=2341 outsize=37 ok=0
Cmd: compileCompute
  error: 2 plat 16 at (24): failed to open source file: 'UnityCG.cginc'
  api=9 insize=2341 outsize=37 ok=0
Cmd: compileCompute
  error: 2 plat 16 at (24): failed to open source file: 'UnityCG.cginc'
  api=4 insize=2341 outsize=37 ok=0
Cmd: compileSnippet
  api=4 type=0 insize=6731 outsize=3663 kw=DIRECTIONAL LIGHTMAP_OFF DIRLIGHTMAP_OFF DYNAMICLIGHTMAP_OFF ok=1
Cmd: compileSnippet
  api=4 type=1 insize=6731 outsize=1314 kw=DIRECTIONAL LIGHTMAP_OFF DIRLIGHTMAP_OFF DYNAMICLIGHTMAP_OFF ok=1
Cmd: compileSnippet
  api=4 type=0 insize=3569 outsize=2753 kw=DIRECTIONAL ok=1
Cmd: compileSnippet
  api=4 type=1 insize=3569 outsize=1168 kw=DIRECTIONAL ok=1
Unhandled exception: Readfile from pipe failed. GLE=The pipe has been ended.


Quitting shader compiler process
